-------------------------------------------------------------------------------
Test set: CreateOrderTest
-------------------------------------------------------------------------------
Tests run: 4, Failures: 1, Errors: 0, Skipped: 0, Time elapsed: 4.33 s <<< FAILURE! - in CreateOrderTest
CreateOrderWithEmptyList(CreateOrderTest)  Time elapsed: 1.324 s  <<< FAILURE!
java.lang.AssertionError: expected:<400> but was:<429>
	at CreateOrderTest.CreateOrderWithEmptyList(CreateOrderTest.java:74)

